Analysis & Synthesis report for battleship
Thu Nov 21 12:43:30 2019
Quartus II 32-bit Version 12.1 Build 177 11/07/2012 SJ Web Edition


---------------------
; Table of Contents ;
---------------------
  1. Legal Notice
  2. Analysis & Synthesis Summary
  3. Analysis & Synthesis Settings
  4. Parallel Compilation
  5. Analysis & Synthesis Source Files Read
  6. Analysis & Synthesis Resource Usage Summary
  7. Analysis & Synthesis Resource Utilization by Entity
  8. State Machine - |topo|fsm:machine|PE
  9. State Machine - |topo|fsm:machine|EA
 10. Registers Removed During Synthesis
 11. General Register Statistics
 12. Multiplexer Restructuring Statistics (Restructuring Performed)
 13. Port Connectivity Checks: "decod:decod_hex7"
 14. Port Connectivity Checks: "decod:decod_hex4"
 15. Port Connectivity Checks: "decod:decod_hex2"
 16. Port Connectivity Checks: "fsm:machine|cronometro:chrono|clock_conv:converter"
 17. Port Connectivity Checks: "fsm:machine|cronometro:chrono"
 18. Elapsed Time Per Partition
 19. Analysis & Synthesis Messages



----------------
; Legal Notice ;
----------------
Copyright (C) 1991-2012 Altera Corporation
Your use of Altera Corporation's design tools, logic functions 
and other software and tools, and its AMPP partner logic 
functions, and any output files from any of the foregoing 
(including device programming or simulation files), and any 
associated documentation or information are expressly subject 
to the terms and conditions of the Altera Program License 
Subscription Agreement, Altera MegaCore Function License 
Agreement, or other applicable license agreement, including, 
without limitation, that your use is for the sole purpose of 
programming logic devices manufactured by Altera and sold by 
Altera or its authorized distributors.  Please refer to the 
applicable agreement for further details.



+-------------------------------------------------------------------------------+
; Analysis & Synthesis Summary                                                  ;
+------------------------------------+------------------------------------------+
; Analysis & Synthesis Status        ; Successful - Thu Nov 21 12:43:30 2019    ;
; Quartus II 32-bit Version          ; 12.1 Build 177 11/07/2012 SJ Web Edition ;
; Revision Name                      ; battleship                               ;
; Top-level Entity Name              ; topo                                     ;
; Family                             ; Cyclone II                               ;
; Total logic elements               ; 247                                      ;
;     Total combinational functions  ; 221                                      ;
;     Dedicated logic registers      ; 102                                      ;
; Total registers                    ; 102                                      ;
; Total pins                         ; 105                                      ;
; Total virtual pins                 ; 0                                        ;
; Total memory bits                  ; 0                                        ;
; Embedded Multiplier 9-bit elements ; 0                                        ;
; Total PLLs                         ; 0                                        ;
+------------------------------------+------------------------------------------+


+----------------------------------------------------------------------------------------------------------------------+
; Analysis & Synthesis Settings                                                                                        ;
+----------------------------------------------------------------------------+--------------------+--------------------+
; Option                                                                     ; Setting            ; Default Value      ;
+----------------------------------------------------------------------------+--------------------+--------------------+
; Device                                                                     ; EP2C35F672C6       ;                    ;
; Top-level entity name                                                      ; topo               ; battleship         ;
; Family name                                                                ; Cyclone II         ; Cyclone IV GX      ;
; Use smart compilation                                                      ; Off                ; Off                ;
; Enable parallel Assembler and TimeQuest Timing Analyzer during compilation ; On                 ; On                 ;
; Enable compact report table                                                ; Off                ; Off                ;
; Restructure Multiplexers                                                   ; Auto               ; Auto               ;
; Create Debugging Nodes for IP Cores                                        ; Off                ; Off                ;
; Preserve fewer node names                                                  ; On                 ; On                 ;
; Disable OpenCore Plus hardware evaluation                                  ; Off                ; Off                ;
; Verilog Version                                                            ; Verilog_2001       ; Verilog_2001       ;
; VHDL Version                                                               ; VHDL_1993          ; VHDL_1993          ;
; State Machine Processing                                                   ; Auto               ; Auto               ;
; Safe State Machine                                                         ; Off                ; Off                ;
; Extract Verilog State Machines                                             ; On                 ; On                 ;
; Extract VHDL State Machines                                                ; On                 ; On                 ;
; Ignore Verilog initial constructs                                          ; Off                ; Off                ;
; Iteration limit for constant Verilog loops                                 ; 5000               ; 5000               ;
; Iteration limit for non-constant Verilog loops                             ; 250                ; 250                ;
; Add Pass-Through Logic to Inferred RAMs                                    ; On                 ; On                 ;
; Infer RAMs from Raw Logic                                                  ; On                 ; On                 ;
; Parallel Synthesis                                                         ; On                 ; On                 ;
; DSP Block Balancing                                                        ; Auto               ; Auto               ;
; NOT Gate Push-Back                                                         ; On                 ; On                 ;
; Power-Up Don't Care                                                        ; On                 ; On                 ;
; Remove Redundant Logic Cells                                               ; Off                ; Off                ;
; Remove Duplicate Registers                                                 ; On                 ; On                 ;
; Ignore CARRY Buffers                                                       ; Off                ; Off                ;
; Ignore CASCADE Buffers                                                     ; Off                ; Off                ;
; Ignore GLOBAL Buffers                                                      ; Off                ; Off                ;
; Ignore ROW GLOBAL Buffers                                                  ; Off                ; Off                ;
; Ignore LCELL Buffers                                                       ; Off                ; Off                ;
; Ignore SOFT Buffers                                                        ; On                 ; On                 ;
; Limit AHDL Integers to 32 Bits                                             ; Off                ; Off                ;
; Optimization Technique                                                     ; Balanced           ; Balanced           ;
; Carry Chain Length                                                         ; 70                 ; 70                 ;
; Auto Carry Chains                                                          ; On                 ; On                 ;
; Auto Open-Drain Pins                                                       ; On                 ; On                 ;
; Perform WYSIWYG Primitive Resynthesis                                      ; Off                ; Off                ;
; Auto ROM Replacement                                                       ; On                 ; On                 ;
; Auto RAM Replacement                                                       ; On                 ; On                 ;
; Auto Shift Register Replacement                                            ; Auto               ; Auto               ;
; Allow Shift Register Merging across Hierarchies                            ; Auto               ; Auto               ;
; Auto Clock Enable Replacement                                              ; On                 ; On                 ;
; Strict RAM Replacement                                                     ; Off                ; Off                ;
; Allow Synchronous Control Signals                                          ; On                 ; On                 ;
; Force Use of Synchronous Clear Signals                                     ; Off                ; Off                ;
; Auto RAM to Logic Cell Conversion                                          ; Off                ; Off                ;
; Auto Resource Sharing                                                      ; Off                ; Off                ;
; Allow Any RAM Size For Recognition                                         ; Off                ; Off                ;
; Allow Any ROM Size For Recognition                                         ; Off                ; Off                ;
; Allow Any Shift Register Size For Recognition                              ; Off                ; Off                ;
; Use LogicLock Constraints during Resource Balancing                        ; On                 ; On                 ;
; Ignore translate_off and synthesis_off directives                          ; Off                ; Off                ;
; Timing-Driven Synthesis                                                    ; Off                ; Off                ;
; Report Parameter Settings                                                  ; On                 ; On                 ;
; Report Source Assignments                                                  ; On                 ; On                 ;
; Report Connectivity Checks                                                 ; On                 ; On                 ;
; Ignore Maximum Fan-Out Assignments                                         ; Off                ; Off                ;
; Synchronization Register Chain Length                                      ; 2                  ; 2                  ;
; PowerPlay Power Optimization                                               ; Normal compilation ; Normal compilation ;
; HDL message level                                                          ; Level2             ; Level2             ;
; Suppress Register Optimization Related Messages                            ; Off                ; Off                ;
; Number of Removed Registers Reported in Synthesis Report                   ; 5000               ; 5000               ;
; Number of Swept Nodes Reported in Synthesis Report                         ; 5000               ; 5000               ;
; Number of Inverted Registers Reported in Synthesis Report                  ; 100                ; 100                ;
; Clock MUX Protection                                                       ; On                 ; On                 ;
; Auto Gated Clock Conversion                                                ; Off                ; Off                ;
; Block Design Naming                                                        ; Auto               ; Auto               ;
; SDC constraint protection                                                  ; Off                ; Off                ;
; Synthesis Effort                                                           ; Auto               ; Auto               ;
; Shift Register Replacement - Allow Asynchronous Clear Signal               ; On                 ; On                 ;
; Pre-Mapping Resynthesis Optimization                                       ; Off                ; Off                ;
; Analysis & Synthesis Message Level                                         ; Medium             ; Medium             ;
; Disable Register Merging Across Hierarchies                                ; Auto               ; Auto               ;
; Resource Aware Inference For Block RAM                                     ; On                 ; On                 ;
; Synthesis Seed                                                             ; 1                  ; 1                  ;
+----------------------------------------------------------------------------+--------------------+--------------------+


+------------------------------------------+
; Parallel Compilation                     ;
+----------------------------+-------------+
; Processors                 ; Number      ;
+----------------------------+-------------+
; Number detected on machine ; 8           ;
; Maximum allowed            ; 8           ;
;                            ;             ;
; Average used               ; 1.00        ;
; Maximum used               ; 1           ;
;                            ;             ;
; Usage by Processor         ; % Time Used ;
;     1 processor            ; 100.0%      ;
;     2-8 processors         ;   0.0%      ;
+----------------------------+-------------+


+----------------------------------------------------------------------------------------------------------------------------------------------------------------------------------+
; Analysis & Synthesis Source Files Read                                                                                                                                           ;
+----------------------------------+-----------------+-----------------+-------------------------------------------------------------------------------------------------+---------+
; File Name with User-Entered Path ; Used in Netlist ; File Type       ; File Name with Absolute Path                                                                    ; Library ;
+----------------------------------+-----------------+-----------------+-------------------------------------------------------------------------------------------------+---------+
; src/vector_to_bcd.vhd            ; yes             ; User VHDL File  ; C:/Users/K4tr1n4/Desktop/LH2k19-2/Trab/LH2k19-2_BatalhaNaval_GridBattle/src/vector_to_bcd.vhd   ;         ;
; src/topo.vhd                     ; yes             ; User VHDL File  ; C:/Users/K4tr1n4/Desktop/LH2k19-2/Trab/LH2k19-2_BatalhaNaval_GridBattle/src/topo.vhd            ;         ;
; src/ROM.vhd                      ; yes             ; User VHDL File  ; C:/Users/K4tr1n4/Desktop/LH2k19-2/Trab/LH2k19-2_BatalhaNaval_GridBattle/src/ROM.vhd             ;         ;
; src/fsm.vhd                      ; yes             ; User VHDL File  ; C:/Users/K4tr1n4/Desktop/LH2k19-2/Trab/LH2k19-2_BatalhaNaval_GridBattle/src/fsm.vhd             ;         ;
; src/decod.vhd                    ; yes             ; User VHDL File  ; C:/Users/K4tr1n4/Desktop/LH2k19-2/Trab/LH2k19-2_BatalhaNaval_GridBattle/src/decod.vhd           ;         ;
; src/cronometro.vhd               ; yes             ; User VHDL File  ; C:/Users/K4tr1n4/Desktop/LH2k19-2/Trab/LH2k19-2_BatalhaNaval_GridBattle/src/cronometro.vhd      ;         ;
; src/contador_pontos.vhd          ; yes             ; User VHDL File  ; C:/Users/K4tr1n4/Desktop/LH2k19-2/Trab/LH2k19-2_BatalhaNaval_GridBattle/src/contador_pontos.vhd ;         ;
; src/comparador.vhd               ; yes             ; User VHDL File  ; C:/Users/K4tr1n4/Desktop/LH2k19-2/Trab/LH2k19-2_BatalhaNaval_GridBattle/src/comparador.vhd      ;         ;
; src/clock_conv.vhd               ; yes             ; User VHDL File  ; C:/Users/K4tr1n4/Desktop/LH2k19-2/Trab/LH2k19-2_BatalhaNaval_GridBattle/src/clock_conv.vhd      ;         ;
+----------------------------------+-----------------+-----------------+-------------------------------------------------------------------------------------------------+---------+


+-----------------------------------------------------+
; Analysis & Synthesis Resource Usage Summary         ;
+---------------------------------------------+-------+
; Resource                                    ; Usage ;
+---------------------------------------------+-------+
; Estimated Total logic elements              ; 247   ;
;                                             ;       ;
; Total combinational functions               ; 221   ;
; Logic element usage by number of LUT inputs ;       ;
;     -- 4 input functions                    ; 119   ;
;     -- 3 input functions                    ; 41    ;
;     -- <=2 input functions                  ; 61    ;
;                                             ;       ;
; Logic elements by mode                      ;       ;
;     -- normal mode                          ; 185   ;
;     -- arithmetic mode                      ; 36    ;
;                                             ;       ;
; Total registers                             ; 102   ;
;     -- Dedicated logic registers            ; 102   ;
;     -- I/O registers                        ; 0     ;
;                                             ;       ;
; I/O pins                                    ; 105   ;
; Embedded Multiplier 9-bit elements          ; 0     ;
; Maximum fan-out                             ; 89    ;
; Total fan-out                               ; 1033  ;
; Average fan-out                             ; 2.41  ;
+---------------------------------------------+-------+


+-----------------------------------------------------------------------------------------------------------------------------------------------------------------------------------------------------------------------+
; Analysis & Synthesis Resource Utilization by Entity                                                                                                                                                                   ;
+---------------------------------+-------------------+--------------+-------------+--------------+---------+-----------+------+--------------+----------------------------------------------------------+--------------+
; Compilation Hierarchy Node      ; LC Combinationals ; LC Registers ; Memory Bits ; DSP Elements ; DSP 9x9 ; DSP 18x18 ; Pins ; Virtual Pins ; Full Hierarchy Name                                      ; Library Name ;
+---------------------------------+-------------------+--------------+-------------+--------------+---------+-----------+------+--------------+----------------------------------------------------------+--------------+
; |topo                           ; 221 (15)          ; 102 (0)      ; 0           ; 0            ; 0       ; 0         ; 105  ; 0            ; |topo                                                    ;              ;
;    |comparador:comp|            ; 7 (7)             ; 1 (1)        ; 0           ; 0            ; 0       ; 0         ; 0    ; 0            ; |topo|comparador:comp                                    ;              ;
;    |contador_pontos:pontuacao|  ; 2 (2)             ; 16 (16)      ; 0           ; 0            ; 0       ; 0         ; 0    ; 0            ; |topo|contador_pontos:pontuacao                          ;              ;
;    |decod:decod_hex0|           ; 11 (11)           ; 0 (0)        ; 0           ; 0            ; 0       ; 0         ; 0    ; 0            ; |topo|decod:decod_hex0                                   ;              ;
;    |decod:decod_hex1|           ; 6 (6)             ; 0 (0)        ; 0           ; 0            ; 0       ; 0         ; 0    ; 0            ; |topo|decod:decod_hex1                                   ;              ;
;    |decod:decod_hex2|           ; 3 (3)             ; 0 (0)        ; 0           ; 0            ; 0       ; 0         ; 0    ; 0            ; |topo|decod:decod_hex2                                   ;              ;
;    |decod:decod_hex6|           ; 16 (16)           ; 0 (0)        ; 0           ; 0            ; 0       ; 0         ; 0    ; 0            ; |topo|decod:decod_hex6                                   ;              ;
;    |decod:decod_hex7|           ; 3 (3)             ; 0 (0)        ; 0           ; 0            ; 0       ; 0         ; 0    ; 0            ; |topo|decod:decod_hex7                                   ;              ;
;    |fsm:machine|                ; 137 (65)          ; 85 (48)      ; 0           ; 0            ; 0       ; 0         ; 0    ; 0            ; |topo|fsm:machine                                        ;              ;
;       |cronometro:chrono|       ; 72 (22)           ; 37 (8)       ; 0           ; 0            ; 0       ; 0         ; 0    ; 0            ; |topo|fsm:machine|cronometro:chrono                      ;              ;
;          |clock_conv:converter| ; 50 (50)           ; 29 (29)      ; 0           ; 0            ; 0       ; 0         ; 0    ; 0            ; |topo|fsm:machine|cronometro:chrono|clock_conv:converter ;              ;
;    |vector_to_bcd:vector_bcd|   ; 21 (21)           ; 0 (0)        ; 0           ; 0            ; 0       ; 0         ; 0    ; 0            ; |topo|vector_to_bcd:vector_bcd                           ;              ;
+---------------------------------+-------------------+--------------+-------------+--------------+---------+-----------+------+--------------+----------------------------------------------------------+--------------+
Note: For table entries with two numbers listed, the numbers in parentheses indicate the number of resources of the given type used by the specific entity alone. The numbers listed outside of parentheses indicate the total resources of the given type used by the specific entity and all of its sub-entities in the hierarchy.


Encoding Type:  One-Hot
+---------------------------------------------------------------------------------------+
; State Machine - |topo|fsm:machine|PE                                                  ;
+-------+-------+-------+-------+-------+-------+-------+-------+-------+-------+-------+
; Name  ; PE.S9 ; PE.S8 ; PE.S7 ; PE.S6 ; PE.S5 ; PE.S4 ; PE.S3 ; PE.S2 ; PE.S1 ; PE.S0 ;
+-------+-------+-------+-------+-------+-------+-------+-------+-------+-------+-------+
; PE.S0 ; 0     ; 0     ; 0     ; 0     ; 0     ; 0     ; 0     ; 0     ; 0     ; 0     ;
; PE.S1 ; 0     ; 0     ; 0     ; 0     ; 0     ; 0     ; 0     ; 0     ; 1     ; 1     ;
; PE.S2 ; 0     ; 0     ; 0     ; 0     ; 0     ; 0     ; 0     ; 1     ; 0     ; 1     ;
; PE.S3 ; 0     ; 0     ; 0     ; 0     ; 0     ; 0     ; 1     ; 0     ; 0     ; 1     ;
; PE.S4 ; 0     ; 0     ; 0     ; 0     ; 0     ; 1     ; 0     ; 0     ; 0     ; 1     ;
; PE.S5 ; 0     ; 0     ; 0     ; 0     ; 1     ; 0     ; 0     ; 0     ; 0     ; 1     ;
; PE.S6 ; 0     ; 0     ; 0     ; 1     ; 0     ; 0     ; 0     ; 0     ; 0     ; 1     ;
; PE.S7 ; 0     ; 0     ; 1     ; 0     ; 0     ; 0     ; 0     ; 0     ; 0     ; 1     ;
; PE.S8 ; 0     ; 1     ; 0     ; 0     ; 0     ; 0     ; 0     ; 0     ; 0     ; 1     ;
; PE.S9 ; 1     ; 0     ; 0     ; 0     ; 0     ; 0     ; 0     ; 0     ; 0     ; 1     ;
+-------+-------+-------+-------+-------+-------+-------+-------+-------+-------+-------+


Encoding Type:  One-Hot
+---------------------------------------------------------------------------------------+
; State Machine - |topo|fsm:machine|EA                                                  ;
+-------+-------+-------+-------+-------+-------+-------+-------+-------+-------+-------+
; Name  ; EA.S9 ; EA.S8 ; EA.S7 ; EA.S6 ; EA.S5 ; EA.S4 ; EA.S3 ; EA.S2 ; EA.S1 ; EA.S0 ;
+-------+-------+-------+-------+-------+-------+-------+-------+-------+-------+-------+
; EA.S0 ; 0     ; 0     ; 0     ; 0     ; 0     ; 0     ; 0     ; 0     ; 0     ; 0     ;
; EA.S1 ; 0     ; 0     ; 0     ; 0     ; 0     ; 0     ; 0     ; 0     ; 1     ; 1     ;
; EA.S2 ; 0     ; 0     ; 0     ; 0     ; 0     ; 0     ; 0     ; 1     ; 0     ; 1     ;
; EA.S3 ; 0     ; 0     ; 0     ; 0     ; 0     ; 0     ; 1     ; 0     ; 0     ; 1     ;
; EA.S4 ; 0     ; 0     ; 0     ; 0     ; 0     ; 1     ; 0     ; 0     ; 0     ; 1     ;
; EA.S5 ; 0     ; 0     ; 0     ; 0     ; 1     ; 0     ; 0     ; 0     ; 0     ; 1     ;
; EA.S6 ; 0     ; 0     ; 0     ; 1     ; 0     ; 0     ; 0     ; 0     ; 0     ; 1     ;
; EA.S7 ; 0     ; 0     ; 1     ; 0     ; 0     ; 0     ; 0     ; 0     ; 0     ; 1     ;
; EA.S8 ; 0     ; 1     ; 0     ; 0     ; 0     ; 0     ; 0     ; 0     ; 0     ; 1     ;
; EA.S9 ; 1     ; 0     ; 0     ; 0     ; 0     ; 0     ; 0     ; 0     ; 0     ; 1     ;
+-------+-------+-------+-------+-------+-------+-------+-------+-------+-------+-------+


+------------------------------------------------------------+
; Registers Removed During Synthesis                         ;
+---------------------------------------+--------------------+
; Register name                         ; Reason for Removal ;
+---------------------------------------+--------------------+
; fsm:machine|displaylinha[0]           ; Lost fanout        ;
; Total Number of Removed Registers = 1 ;                    ;
+---------------------------------------+--------------------+


+------------------------------------------------------+
; General Register Statistics                          ;
+----------------------------------------------+-------+
; Statistic                                    ; Value ;
+----------------------------------------------+-------+
; Total registers                              ; 102   ;
; Number of registers using Synchronous Clear  ; 8     ;
; Number of registers using Synchronous Load   ; 0     ;
; Number of registers using Asynchronous Clear ; 34    ;
; Number of registers using Asynchronous Load  ; 0     ;
; Number of registers using Clock Enable       ; 18    ;
; Number of registers using Preset             ; 0     ;
+----------------------------------------------+-------+


+------------------------------------------------------------------------------------------------------------------------------------------------------------------------------------+
; Multiplexer Restructuring Statistics (Restructuring Performed)                                                                                                                     ;
+--------------------+-----------+---------------+----------------------+------------------------+------------+----------------------------------------------------------------------+
; Multiplexer Inputs ; Bus Width ; Baseline Area ; Area if Restructured ; Saving if Restructured ; Registered ; Example Multiplexer Output                                           ;
+--------------------+-----------+---------------+----------------------+------------------------+------------+----------------------------------------------------------------------+
; 3:1                ; 4 bits    ; 8 LEs         ; 4 LEs                ; 4 LEs                  ; Yes        ; |topo|fsm:machine|cronometro:chrono|clock_conv:converter|count_b[2]  ;
; 3:1                ; 23 bits   ; 46 LEs        ; 23 LEs               ; 23 LEs                 ; Yes        ; |topo|fsm:machine|cronometro:chrono|clock_conv:converter|count_a[17] ;
+--------------------+-----------+---------------+----------------------+------------------------+------------+----------------------------------------------------------------------+


+----------------------------------------------+
; Port Connectivity Checks: "decod:decod_hex7" ;
+---------+-------+----------+-----------------+
; Port    ; Type  ; Severity ; Details         ;
+---------+-------+----------+-----------------+
; c[3..2] ; Input ; Info     ; Stuck at GND    ;
+---------+-------+----------+-----------------+


+----------------------------------------------+
; Port Connectivity Checks: "decod:decod_hex4" ;
+---------+-------+----------+-----------------+
; Port    ; Type  ; Severity ; Details         ;
+---------+-------+----------+-----------------+
; c[3..2] ; Input ; Info     ; Stuck at GND    ;
+---------+-------+----------+-----------------+


+----------------------------------------------+
; Port Connectivity Checks: "decod:decod_hex2" ;
+------+-------+----------+--------------------+
; Port ; Type  ; Severity ; Details            ;
+------+-------+----------+--------------------+
; c[3] ; Input ; Info     ; Stuck at GND       ;
+------+-------+----------+--------------------+


+---------------------------------------------------------------------------------------------------------------------+
; Port Connectivity Checks: "fsm:machine|cronometro:chrono|clock_conv:converter"                                      ;
+-----------+--------+----------+-------------------------------------------------------------------------------------+
; Port      ; Type   ; Severity ; Details                                                                             ;
+-----------+--------+----------+-------------------------------------------------------------------------------------+
; out_0_1hz ; Output ; Info     ; Connected to dangling logic. Logic that only feeds a dangling port will be removed. ;
; out_10hz  ; Output ; Info     ; Connected to dangling logic. Logic that only feeds a dangling port will be removed. ;
+-----------+--------+----------+-------------------------------------------------------------------------------------+


+-----------------------------------------------------------------------------------------------------------------+
; Port Connectivity Checks: "fsm:machine|cronometro:chrono"                                                       ;
+-------+--------+----------+-------------------------------------------------------------------------------------+
; Port  ; Type   ; Severity ; Details                                                                             ;
+-------+--------+----------+-------------------------------------------------------------------------------------+
; atual ; Output ; Info     ; Connected to dangling logic. Logic that only feeds a dangling port will be removed. ;
+-------+--------+----------+-------------------------------------------------------------------------------------+


+-------------------------------+
; Elapsed Time Per Partition    ;
+----------------+--------------+
; Partition Name ; Elapsed Time ;
+----------------+--------------+
; Top            ; 00:00:01     ;
+----------------+--------------+


+-------------------------------+
; Analysis & Synthesis Messages ;
+-------------------------------+
Info: *******************************************************************
Info: Running Quartus II 32-bit Analysis & Synthesis
    Info: Version 12.1 Build 177 11/07/2012 SJ Web Edition
    Info: Processing started: Thu Nov 21 12:43:26 2019
Info: Command: quartus_map --read_settings_files=on --write_settings_files=off battleship -c battleship
Info (20030): Parallel compilation is enabled and will use 8 of the 8 processors detected
Info (12021): Found 2 design units, including 1 entities, in source file src/vga_teste.vhd
    Info (12022): Found design unit 1: vga_teste-algorithmic
    Info (12023): Found entity 1: vga_teste
Info (12021): Found 2 design units, including 1 entities, in source file src/vga_raster_traffic.vhd
    Info (12022): Found design unit 1: vga_raster_traffic-rtl
    Info (12023): Found entity 1: vga_raster_traffic
Info (12021): Found 2 design units, including 1 entities, in source file src/metaestabilidade.vhd
    Info (12022): Found design unit 1: metaestabilidade-Behavioral
    Info (12023): Found entity 1: metaestabilidade
Info (12021): Found 2 design units, including 1 entities, in source file src/ffd.vhd
    Info (12022): Found design unit 1: FFD-Behavioral
    Info (12023): Found entity 1: FFD
Info (12021): Found 2 design units, including 1 entities, in source file src/dff_debouncing_button.vhd
    Info (12022): Found design unit 1: DFF_Debouncing_Button-Behavioral
    Info (12023): Found entity 1: DFF_Debouncing_Button
Info (12021): Found 2 design units, including 1 entities, in source file src/debouncing_button_vhdl.vhd
    Info (12022): Found design unit 1: Debouncing_Button_VHDL-Behavioral
    Info (12023): Found entity 1: Debouncing_Button_VHDL
Info (12021): Found 2 design units, including 1 entities, in source file src/debounce.vhd
    Info (12022): Found design unit 1: DeBounce-behav
    Info (12023): Found entity 1: DeBounce
Info (12021): Found 2 design units, including 1 entities, in source file src/clock_enable_debouncing_button.vhd
    Info (12022): Found design unit 1: clock_enable_debouncing_button-Behavioral
    Info (12023): Found entity 1: clock_enable_debouncing_button
Info (12021): Found 2 design units, including 1 entities, in source file src/vector_to_bcd.vhd
    Info (12022): Found design unit 1: vector_to_bcd-behv
    Info (12023): Found entity 1: vector_to_bcd
Info (12021): Found 2 design units, including 1 entities, in source file src/topo.vhd
    Info (12022): Found design unit 1: topo-topo_stru
    Info (12023): Found entity 1: topo
Info (12021): Found 2 design units, including 1 entities, in source file src/rom.vhd
    Info (12022): Found design unit 1: ROM-BEV
    Info (12023): Found entity 1: ROM
Info (12021): Found 2 design units, including 1 entities, in source file src/fsm.vhd
    Info (12022): Found design unit 1: fsm-behv
    Info (12023): Found entity 1: fsm
Info (12021): Found 2 design units, including 1 entities, in source file src/decod.vhd
    Info (12022): Found design unit 1: decod-circuito
    Info (12023): Found entity 1: decod
Info (12021): Found 2 design units, including 1 entities, in source file src/cronometro.vhd
    Info (12022): Found design unit 1: cronometro-circuito
    Info (12023): Found entity 1: cronometro
Info (12021): Found 2 design units, including 1 entities, in source file src/contador_pontos.vhd
    Info (12022): Found design unit 1: contador_pontos-behv
    Info (12023): Found entity 1: contador_pontos
Info (12021): Found 2 design units, including 1 entities, in source file src/comparador.vhd
    Info (12022): Found design unit 1: comparador-comparador
    Info (12023): Found entity 1: comparador
Info (12021): Found 2 design units, including 1 entities, in source file src/clock_conv.vhd
    Info (12022): Found design unit 1: clock_conv-clock_convimpl
    Info (12023): Found entity 1: clock_conv
Info (12127): Elaborating entity "topo" for the top level hierarchy
Warning (10873): Using initial value X (don't care) for net "LEDR[17..8]" at topo.vhd(10)
Info (12128): Elaborating entity "fsm" for hierarchy "fsm:machine"
Info (12128): Elaborating entity "cronometro" for hierarchy "fsm:machine|cronometro:chrono"
Info (12128): Elaborating entity "clock_conv" for hierarchy "fsm:machine|cronometro:chrono|clock_conv:converter"
Info (12128): Elaborating entity "vector_to_bcd" for hierarchy "vector_to_bcd:vector_bcd"
Warning (10492): VHDL Process Statement warning at vector_to_bcd.vhd(194): signal "dec0" is read inside the Process Statement but isn't in the Process Statement's sensitivity list
Warning (10492): VHDL Process Statement warning at vector_to_bcd.vhd(195): signal "dec1" is read inside the Process Statement but isn't in the Process Statement's sensitivity list
Info (12128): Elaborating entity "comparador" for hierarchy "comparador:comp"
Info (12128): Elaborating entity "ROM" for hierarchy "comparador:comp|ROM:memoria"
Info (12128): Elaborating entity "contador_pontos" for hierarchy "contador_pontos:pontuacao"
Warning (10492): VHDL Process Statement warning at contador_pontos.vhd(26): signal "cont_match" is read inside the Process Statement but isn't in the Process Statement's sensitivity list
Warning (10492): VHDL Process Statement warning at contador_pontos.vhd(26): signal "compara" is read inside the Process Statement but isn't in the Process Statement's sensitivity list
Warning (10492): VHDL Process Statement warning at contador_pontos.vhd(44): signal "tempLedRed" is read inside the Process Statement but isn't in the Process Statement's sensitivity list
Warning (10492): VHDL Process Statement warning at contador_pontos.vhd(45): signal "tempLedGrn" is read inside the Process Statement but isn't in the Process Statement's sensitivity list
Info (12128): Elaborating entity "decod" for hierarchy "decod:decod_hex0"
Warning (13024): Output pins are stuck at VCC or GND
    Warning (13410): Pin "HEX2[1]" is stuck at GND
    Warning (13410): Pin "HEX3[0]" is stuck at VCC
    Warning (13410): Pin "HEX3[1]" is stuck at VCC
    Warning (13410): Pin "HEX3[2]" is stuck at VCC
    Warning (13410): Pin "HEX3[3]" is stuck at GND
    Warning (13410): Pin "HEX3[4]" is stuck at GND
    Warning (13410): Pin "HEX3[5]" is stuck at GND
    Warning (13410): Pin "HEX3[6]" is stuck at VCC
    Warning (13410): Pin "HEX4[1]" is stuck at GND
    Warning (13410): Pin "HEX4[5]" is stuck at VCC
    Warning (13410): Pin "HEX5[0]" is stuck at VCC
    Warning (13410): Pin "HEX5[1]" is stuck at GND
    Warning (13410): Pin "HEX5[2]" is stuck at GND
    Warning (13410): Pin "HEX5[3]" is stuck at GND
    Warning (13410): Pin "HEX5[4]" is stuck at GND
    Warning (13410): Pin "HEX5[5]" is stuck at GND
    Warning (13410): Pin "HEX5[6]" is stuck at VCC
    Warning (13410): Pin "HEX7[1]" is stuck at GND
    Warning (13410): Pin "LEDR[8]" is stuck at GND
    Warning (13410): Pin "LEDR[9]" is stuck at GND
    Warning (13410): Pin "LEDR[10]" is stuck at GND
    Warning (13410): Pin "LEDR[11]" is stuck at GND
    Warning (13410): Pin "LEDR[12]" is stuck at GND
    Warning (13410): Pin "LEDR[13]" is stuck at GND
    Warning (13410): Pin "LEDR[14]" is stuck at GND
    Warning (13410): Pin "LEDR[15]" is stuck at GND
    Warning (13410): Pin "LEDR[16]" is stuck at GND
    Warning (13410): Pin "LEDR[17]" is stuck at GND
Info (17049): 1 registers lost all their fanouts during netlist optimizations.
Info (16010): Generating hard_block partition "hard_block:auto_generated_inst"
    Info (16011): Adding 0 node(s), including 0 DDIO, 0 PLL, 0 transceiver and 0 LCELL
Warning (21074): Design contains 2 input pin(s) that do not drive logic
    Warning (15610): No output dependent on input pin "SW[0]"
    Warning (15610): No output dependent on input pin "KEY[1]"
Info (21057): Implemented 352 device resources after synthesis - the final resource count might be different
    Info (21058): Implemented 23 input pins
    Info (21059): Implemented 82 output pins
    Info (21061): Implemented 247 logic cells
Info: Quartus II 32-bit Analysis & Synthesis was successful. 0 errors, 39 warnings
    Info: Peak virtual memory: 385 megabytes
    Info: Processing ended: Thu Nov 21 12:43:30 2019
    Info: Elapsed time: 00:00:04
    Info: Total CPU time (on all processors): 00:00:03


