Flow report for keyboarToVGA
Sat Nov 16 09:25:56 2019
Quartus II 32-bit Version 12.1 Build 177 11/07/2012 SJ Web Edition


---------------------
; Table of Contents ;
---------------------
  1. Legal Notice
  2. Flow Summary
  3. Flow Settings
  4. Flow Non-Default Global Settings
  5. Flow Elapsed Time
  6. Flow OS Summary
  7. Flow Log



----------------
; Legal Notice ;
----------------
Copyright (C) 1991-2012 Altera Corporation
Your use of Altera Corporation's design tools, logic functions 
and other software and tools, and its AMPP partner logic 
functions, and any output files from any of the foregoing 
(including device programming or simulation files), and any 
associated documentation or information are expressly subject 
to the terms and conditions of the Altera Program License 
Subscription Agreement, Altera MegaCore Function License 
Agreement, or other applicable license agreement, including, 
without limitation, that your use is for the sole purpose of 
programming logic devices manufactured by Altera and sold by 
Altera or its authorized distributors.  Please refer to the 
applicable agreement for further details.



+-------------------------------------------------------------------------------+
; Flow Summary                                                                  ;
+------------------------------------+------------------------------------------+
; Flow Status                        ; Successful - Sat Nov 16 09:25:56 2019    ;
; Quartus II 32-bit Version          ; 12.1 Build 177 11/07/2012 SJ Web Edition ;
; Revision Name                      ; keyboarToVGA                             ;
; Top-level Entity Name              ; mainController                           ;
; Family                             ; Cyclone III                              ;
; Device                             ; EP3C16F484C6                             ;
; Timing Models                      ; Final                                    ;
; Total logic elements               ; 5,498 / 15,408 ( 36 % )                  ;
;     Total combinational functions  ; 5,278 / 15,408 ( 34 % )                  ;
;     Dedicated logic registers      ; 1,261 / 15,408 ( 8 % )                   ;
; Total registers                    ; 1261                                     ;
; Total pins                         ; 39 / 347 ( 11 % )                        ;
; Total virtual pins                 ; 0                                        ;
; Total memory bits                  ; 0 / 516,096 ( 0 % )                      ;
; Embedded Multiplier 9-bit elements ; 0 / 112 ( 0 % )                          ;
; Total PLLs                         ; 0 / 4 ( 0 % )                            ;
+------------------------------------+------------------------------------------+


+-----------------------------------------+
; Flow Settings                           ;
+-------------------+---------------------+
; Option            ; Setting             ;
+-------------------+---------------------+
; Start date & time ; 11/16/2019 09:23:20 ;
; Main task         ; Compilation         ;
; Revision Name     ; keyboarToVGA        ;
+-------------------+---------------------+


+------------------------------------------------------------------------------------------------------------------------+
; Flow Non-Default Global Settings                                                                                       ;
+-------------------------------------+--------------------------------+---------------+----------------+----------------+
; Assignment Name                     ; Value                          ; Default Value ; Entity Name    ; Section Id     ;
+-------------------------------------+--------------------------------+---------------+----------------+----------------+
; COMPILER_SIGNATURE_ID               ; 57827287245508.157391060007456 ; --            ; --             ; --             ;
; CYCLONEII_OPTIMIZATION_TECHNIQUE    ; Speed                          ; Balanced      ; --             ; --             ;
; EDA_OUTPUT_DATA_FORMAT              ; Verilog Hdl                    ; --            ; --             ; eda_simulation ;
; EDA_SIMULATION_TOOL                 ; ModelSim (Verilog)             ; <None>        ; --             ; --             ;
; EDA_TIME_SCALE                      ; 1 ps                           ; --            ; --             ; eda_simulation ;
; IP_TOOL_NAME                        ; ALTPLL                         ; --            ; --             ; --             ;
; IP_TOOL_VERSION                     ; 9.0                            ; --            ; --             ; --             ;
; MAX_CORE_JUNCTION_TEMP              ; 85                             ; --            ; --             ; --             ;
; MIN_CORE_JUNCTION_TEMP              ; 0                              ; --            ; --             ; --             ;
; MISC_FILE                           ; vgaclock.bsf                   ; --            ; --             ; --             ;
; MISC_FILE                           ; vgaclock.cmp                   ; --            ; --             ; --             ;
; MISC_FILE                           ; vgaclock.ppf                   ; --            ; --             ; --             ;
; PARTITION_COLOR                     ; 16764057                       ; --            ; mainController ; Top            ;
; PARTITION_FITTER_PRESERVATION_LEVEL ; PLACEMENT_AND_ROUTING          ; --            ; mainController ; Top            ;
; PARTITION_NETLIST_TYPE              ; SOURCE                         ; --            ; mainController ; Top            ;
; TOP_LEVEL_ENTITY                    ; mainController                 ; keyboarToVGA  ; --             ; --             ;
; USE_GENERATED_PHYSICAL_CONSTRAINTS  ; Off                            ; --            ; --             ; eda_blast_fpga ;
+-------------------------------------+--------------------------------+---------------+----------------+----------------+


+-------------------------------------------------------------------------------------------------------------------------------+
; Flow Elapsed Time                                                                                                             ;
+---------------------------+--------------+-------------------------+---------------------+------------------------------------+
; Module Name               ; Elapsed Time ; Average Processors Used ; Peak Virtual Memory ; Total CPU Time (on all processors) ;
+---------------------------+--------------+-------------------------+---------------------+------------------------------------+
; Analysis & Synthesis      ; 00:00:58     ; 1.0                     ; 395 MB              ; 00:00:57                           ;
; Fitter                    ; 00:01:09     ; 4.3                     ; 629 MB              ; 00:01:41                           ;
; Assembler                 ; 00:00:02     ; 1.0                     ; 356 MB              ; 00:00:02                           ;
; TimeQuest Timing Analyzer ; 00:00:10     ; 3.0                     ; 444 MB              ; 00:00:12                           ;
; EDA Netlist Writer        ; 00:00:09     ; 1.0                     ; 364 MB              ; 00:00:10                           ;
; Total                     ; 00:02:28     ; --                      ; --                  ; 00:03:02                           ;
+---------------------------+--------------+-------------------------+---------------------+------------------------------------+


+----------------------------------------------------------------------------------------+
; Flow OS Summary                                                                        ;
+---------------------------+------------------+-----------+------------+----------------+
; Module Name               ; Machine Hostname ; OS Name   ; OS Version ; Processor type ;
+---------------------------+------------------+-----------+------------+----------------+
; Analysis & Synthesis      ; K4tr1n4_13       ; Windows 7 ; 6.1        ; x86_64         ;
; Fitter                    ; K4tr1n4_13       ; Windows 7 ; 6.1        ; x86_64         ;
; Assembler                 ; K4tr1n4_13       ; Windows 7 ; 6.1        ; x86_64         ;
; TimeQuest Timing Analyzer ; K4tr1n4_13       ; Windows 7 ; 6.1        ; x86_64         ;
; EDA Netlist Writer        ; K4tr1n4_13       ; Windows 7 ; 6.1        ; x86_64         ;
+---------------------------+------------------+-----------+------------+----------------+


------------
; Flow Log ;
------------
quartus_map --read_settings_files=on --write_settings_files=off keyboarToVGA -c keyboarToVGA
quartus_fit --read_settings_files=off --write_settings_files=off keyboarToVGA -c keyboarToVGA
quartus_asm --read_settings_files=off --write_settings_files=off keyboarToVGA -c keyboarToVGA
quartus_sta keyboarToVGA -c keyboarToVGA
quartus_eda --read_settings_files=off --write_settings_files=off keyboarToVGA -c keyboarToVGA



