Analysis & Synthesis report for keyboarToVGA
Sat Nov 16 09:24:19 2019
Quartus II 32-bit Version 12.1 Build 177 11/07/2012 SJ Web Edition


---------------------
; Table of Contents ;
---------------------
  1. Legal Notice
  2. Analysis & Synthesis Summary
  3. Analysis & Synthesis Settings
  4. Parallel Compilation
  5. Analysis & Synthesis Source Files Read
  6. Analysis & Synthesis Resource Usage Summary
  7. Analysis & Synthesis Resource Utilization by Entity
  8. State Machine - |mainController|state_reg
  9. State Machine - |mainController|keyPS2controller:u_keyPS2controller|state_reg
 10. State Machine - |mainController|binaryToDeccimal:u_binaryToDeccimal_level|state_q
 11. State Machine - |mainController|binaryToDeccimal:u_binaryToDeccimal_score|state_q
 12. Registers Removed During Synthesis
 13. General Register Statistics
 14. Inverted Register Statistics
 15. Multiplexer Restructuring Statistics (Restructuring Performed)
 16. Port Connectivity Checks: "font_rom:u_font_rom_key"
 17. Port Connectivity Checks: "binaryToDeccimal:u_binaryToDeccimal_level"
 18. Port Connectivity Checks: "binaryToDeccimal:u_binaryToDeccimal_score"
 19. Elapsed Time Per Partition
 20. Analysis & Synthesis Messages



----------------
; Legal Notice ;
----------------
Copyright (C) 1991-2012 Altera Corporation
Your use of Altera Corporation's design tools, logic functions 
and other software and tools, and its AMPP partner logic 
functions, and any output files from any of the foregoing 
(including device programming or simulation files), and any 
associated documentation or information are expressly subject 
to the terms and conditions of the Altera Program License 
Subscription Agreement, Altera MegaCore Function License 
Agreement, or other applicable license agreement, including, 
without limitation, that your use is for the sole purpose of 
programming logic devices manufactured by Altera and sold by 
Altera or its authorized distributors.  Please refer to the 
applicable agreement for further details.



+-------------------------------------------------------------------------------+
; Analysis & Synthesis Summary                                                  ;
+------------------------------------+------------------------------------------+
; Analysis & Synthesis Status        ; Successful - Sat Nov 16 09:24:19 2019    ;
; Quartus II 32-bit Version          ; 12.1 Build 177 11/07/2012 SJ Web Edition ;
; Revision Name                      ; keyboarToVGA                             ;
; Top-level Entity Name              ; mainController                           ;
; Family                             ; Cyclone III                              ;
; Total logic elements               ; 5,337                                    ;
;     Total combinational functions  ; 5,278                                    ;
;     Dedicated logic registers      ; 1,261                                    ;
; Total registers                    ; 1261                                     ;
; Total pins                         ; 39                                       ;
; Total virtual pins                 ; 0                                        ;
; Total memory bits                  ; 0                                        ;
; Embedded Multiplier 9-bit elements ; 0                                        ;
; Total PLLs                         ; 0                                        ;
+------------------------------------+------------------------------------------+


+----------------------------------------------------------------------------------------------------------------------+
; Analysis & Synthesis Settings                                                                                        ;
+----------------------------------------------------------------------------+--------------------+--------------------+
; Option                                                                     ; Setting            ; Default Value      ;
+----------------------------------------------------------------------------+--------------------+--------------------+
; Device                                                                     ; EP3C16F484C6       ;                    ;
; Top-level entity name                                                      ; mainController     ; keyboarToVGA       ;
; Family name                                                                ; Cyclone III        ; Cyclone IV GX      ;
; Optimization Technique                                                     ; Speed              ; Balanced           ;
; Use smart compilation                                                      ; Off                ; Off                ;
; Enable parallel Assembler and TimeQuest Timing Analyzer during compilation ; On                 ; On                 ;
; Enable compact report table                                                ; Off                ; Off                ;
; Restructure Multiplexers                                                   ; Auto               ; Auto               ;
; Create Debugging Nodes for IP Cores                                        ; Off                ; Off                ;
; Preserve fewer node names                                                  ; On                 ; On                 ;
; Disable OpenCore Plus hardware evaluation                                  ; Off                ; Off                ;
; Verilog Version                                                            ; Verilog_2001       ; Verilog_2001       ;
; VHDL Version                                                               ; VHDL_1993          ; VHDL_1993          ;
; State Machine Processing                                                   ; Auto               ; Auto               ;
; Safe State Machine                                                         ; Off                ; Off                ;
; Extract Verilog State Machines                                             ; On                 ; On                 ;
; Extract VHDL State Machines                                                ; On                 ; On                 ;
; Ignore Verilog initial constructs                                          ; Off                ; Off                ;
; Iteration limit for constant Verilog loops                                 ; 5000               ; 5000               ;
; Iteration limit for non-constant Verilog loops                             ; 250                ; 250                ;
; Add Pass-Through Logic to Inferred RAMs                                    ; On                 ; On                 ;
; Infer RAMs from Raw Logic                                                  ; On                 ; On                 ;
; Parallel Synthesis                                                         ; Off                ; Off                ;
; DSP Block Balancing                                                        ; Auto               ; Auto               ;
; NOT Gate Push-Back                                                         ; On                 ; On                 ;
; Power-Up Don't Care                                                        ; On                 ; On                 ;
; Remove Redundant Logic Cells                                               ; Off                ; Off                ;
; Remove Duplicate Registers                                                 ; On                 ; On                 ;
; Ignore CARRY Buffers                                                       ; Off                ; Off                ;
; Ignore CASCADE Buffers                                                     ; Off                ; Off                ;
; Ignore GLOBAL Buffers                                                      ; Off                ; Off                ;
; Ignore ROW GLOBAL Buffers                                                  ; Off                ; Off                ;
; Ignore LCELL Buffers                                                       ; Off                ; Off                ;
; Ignore SOFT Buffers                                                        ; On                 ; On                 ;
; Limit AHDL Integers to 32 Bits                                             ; Off                ; Off                ;
; Carry Chain Length                                                         ; 70                 ; 70                 ;
; Auto Carry Chains                                                          ; On                 ; On                 ;
; Auto Open-Drain Pins                                                       ; On                 ; On                 ;
; Perform WYSIWYG Primitive Resynthesis                                      ; Off                ; Off                ;
; Auto ROM Replacement                                                       ; On                 ; On                 ;
; Auto RAM Replacement                                                       ; On                 ; On                 ;
; Auto DSP Block Replacement                                                 ; On                 ; On                 ;
; Auto Shift Register Replacement                                            ; Auto               ; Auto               ;
; Allow Shift Register Merging across Hierarchies                            ; Auto               ; Auto               ;
; Auto Clock Enable Replacement                                              ; On                 ; On                 ;
; Strict RAM Replacement                                                     ; Off                ; Off                ;
; Allow Synchronous Control Signals                                          ; On                 ; On                 ;
; Force Use of Synchronous Clear Signals                                     ; Off                ; Off                ;
; Auto RAM Block Balancing                                                   ; On                 ; On                 ;
; Auto RAM to Logic Cell Conversion                                          ; Off                ; Off                ;
; Auto Resource Sharing                                                      ; Off                ; Off                ;
; Allow Any RAM Size For Recognition                                         ; Off                ; Off                ;
; Allow Any ROM Size For Recognition                                         ; Off                ; Off                ;
; Allow Any Shift Register Size For Recognition                              ; Off                ; Off                ;
; Use LogicLock Constraints during Resource Balancing                        ; On                 ; On                 ;
; Ignore translate_off and synthesis_off directives                          ; Off                ; Off                ;
; Timing-Driven Synthesis                                                    ; Off                ; Off                ;
; Report Parameter Settings                                                  ; On                 ; On                 ;
; Report Source Assignments                                                  ; On                 ; On                 ;
; Report Connectivity Checks                                                 ; On                 ; On                 ;
; Ignore Maximum Fan-Out Assignments                                         ; Off                ; Off                ;
; Synchronization Register Chain Length                                      ; 2                  ; 2                  ;
; PowerPlay Power Optimization                                               ; Normal compilation ; Normal compilation ;
; HDL message level                                                          ; Level2             ; Level2             ;
; Suppress Register Optimization Related Messages                            ; Off                ; Off                ;
; Number of Removed Registers Reported in Synthesis Report                   ; 5000               ; 5000               ;
; Number of Swept Nodes Reported in Synthesis Report                         ; 5000               ; 5000               ;
; Number of Inverted Registers Reported in Synthesis Report                  ; 100                ; 100                ;
; Clock MUX Protection                                                       ; On                 ; On                 ;
; Auto Gated Clock Conversion                                                ; Off                ; Off                ;
; Block Design Naming                                                        ; Auto               ; Auto               ;
; SDC constraint protection                                                  ; Off                ; Off                ;
; Synthesis Effort                                                           ; Auto               ; Auto               ;
; Shift Register Replacement - Allow Asynchronous Clear Signal               ; On                 ; On                 ;
; Pre-Mapping Resynthesis Optimization                                       ; Off                ; Off                ;
; Analysis & Synthesis Message Level                                         ; Medium             ; Medium             ;
; Disable Register Merging Across Hierarchies                                ; Auto               ; Auto               ;
; Resource Aware Inference For Block RAM                                     ; On                 ; On                 ;
; Synthesis Seed                                                             ; 1                  ; 1                  ;
+----------------------------------------------------------------------------+--------------------+--------------------+


+------------------------------------------+
; Parallel Compilation                     ;
+----------------------------+-------------+
; Processors                 ; Number      ;
+----------------------------+-------------+
; Number detected on machine ; 8           ;
; Maximum allowed            ; 8           ;
;                            ;             ;
; Average used               ; 1.00        ;
; Maximum used               ; 1           ;
;                            ;             ;
; Usage by Processor         ; % Time Used ;
;     1 processor            ; 100.0%      ;
;     2-8 processors         ;   0.0%      ;
+----------------------------+-------------+


+-------------------------------------------------------------------------------------------------------------------------------------------------------------------------------------+
; Analysis & Synthesis Source Files Read                                                                                                                                              ;
+----------------------------------+-----------------+-----------------+----------------------------------------------------------------------------------------------------+---------+
; File Name with User-Entered Path ; Used in Netlist ; File Type       ; File Name with Absolute Path                                                                       ; Library ;
+----------------------------------+-----------------+-----------------+----------------------------------------------------------------------------------------------------+---------+
; binToDeccimal.vhd                ; yes             ; User VHDL File  ; C:/Users/K4tr1n4/Desktop/LH2k19-2/Trab/tetriseAlteraVHDL-master/keyboardToVga/binToDeccimal.vhd    ;         ;
; font_rom.vhd                     ; yes             ; User VHDL File  ; C:/Users/K4tr1n4/Desktop/LH2k19-2/Trab/tetriseAlteraVHDL-master/keyboardToVga/font_rom.vhd         ;         ;
; keyPS2controller.vhd             ; yes             ; User VHDL File  ; C:/Users/K4tr1n4/Desktop/LH2k19-2/Trab/tetriseAlteraVHDL-master/keyboardToVga/keyPS2controller.vhd ;         ;
; mainController.vhd               ; yes             ; User VHDL File  ; C:/Users/K4tr1n4/Desktop/LH2k19-2/Trab/tetriseAlteraVHDL-master/keyboardToVga/mainController.vhd   ;         ;
; vga_sync.vhd                     ; yes             ; User VHDL File  ; C:/Users/K4tr1n4/Desktop/LH2k19-2/Trab/tetriseAlteraVHDL-master/keyboardToVga/vga_sync.vhd         ;         ;
+----------------------------------+-----------------+-----------------+----------------------------------------------------------------------------------------------------+---------+


+-----------------------------------------------------+
; Analysis & Synthesis Resource Usage Summary         ;
+---------------------------------------------+-------+
; Resource                                    ; Usage ;
+---------------------------------------------+-------+
; Estimated Total logic elements              ; 5,337 ;
;                                             ;       ;
; Total combinational functions               ; 5278  ;
; Logic element usage by number of LUT inputs ;       ;
;     -- 4 input functions                    ; 3704  ;
;     -- 3 input functions                    ; 1263  ;
;     -- <=2 input functions                  ; 311   ;
;                                             ;       ;
; Logic elements by mode                      ;       ;
;     -- normal mode                          ; 5214  ;
;     -- arithmetic mode                      ; 64    ;
;                                             ;       ;
; Total registers                             ; 1261  ;
;     -- Dedicated logic registers            ; 1261  ;
;     -- I/O registers                        ; 0     ;
;                                             ;       ;
; I/O pins                                    ; 39    ;
; Embedded Multiplier 9-bit elements          ; 0     ;
; Maximum fan-out                             ; 1255  ;
; Total fan-out                               ; 25172 ;
; Average fan-out                             ; 3.80  ;
+---------------------------------------------+-------+


+---------------------------------------------------------------------------------------------------------------------------------------------------------------------------------------------------------------------------------------+
; Analysis & Synthesis Resource Utilization by Entity                                                                                                                                                                                   ;
+------------------------------------------------+-------------------+--------------+-------------+--------------+---------+-----------+------+--------------+-----------------------------------------------------------+--------------+
; Compilation Hierarchy Node                     ; LC Combinationals ; LC Registers ; Memory Bits ; DSP Elements ; DSP 9x9 ; DSP 18x18 ; Pins ; Virtual Pins ; Full Hierarchy Name                                       ; Library Name ;
+------------------------------------------------+-------------------+--------------+-------------+--------------+---------+-----------+------+--------------+-----------------------------------------------------------+--------------+
; |mainController                                ; 5278 (5151)       ; 1261 (1144)  ; 0           ; 0            ; 0       ; 0         ; 39   ; 0            ; |mainController                                           ;              ;
;    |binaryToDeccimal:u_binaryToDeccimal_level| ; 31 (31)           ; 28 (28)      ; 0           ; 0            ; 0       ; 0         ; 0    ; 0            ; |mainController|binaryToDeccimal:u_binaryToDeccimal_level ;              ;
;    |binaryToDeccimal:u_binaryToDeccimal_score| ; 23 (23)           ; 21 (21)      ; 0           ; 0            ; 0       ; 0         ; 0    ; 0            ; |mainController|binaryToDeccimal:u_binaryToDeccimal_score ;              ;
;    |keyPS2controller:u_keyPS2controller|       ; 32 (32)           ; 45 (45)      ; 0           ; 0            ; 0       ; 0         ; 0    ; 0            ; |mainController|keyPS2controller:u_keyPS2controller       ;              ;
;    |vga_controller:u_vga_sync|                 ; 41 (41)           ; 23 (23)      ; 0           ; 0            ; 0       ; 0         ; 0    ; 0            ; |mainController|vga_controller:u_vga_sync                 ;              ;
+------------------------------------------------+-------------------+--------------+-------------+--------------+---------+-----------+------+--------------+-----------------------------------------------------------+--------------+
Note: For table entries with two numbers listed, the numbers in parentheses indicate the number of resources of the given type used by the specific entity alone. The numbers listed outside of parentheses indicate the total resources of the given type used by the specific entity and all of its sub-entities in the hierarchy.


Encoding Type:  One-Hot
+-----------------------------------------------------------------------------------------------------------------------------------------------------------------------------------------------------------------------------------------------------------------------------------------------------------------------------------------------------------------------------------+
; State Machine - |mainController|state_reg                                                                                                                                                                                                                                                                                                                                         ;
+---------------------------------+-------------------------+-----------------------------+---------------------------+------------------------+--------------------------+---------------------+----------------------------+--------------------------+---------------------------------+----------------+-----------------------+---------------------+--------------------------+
; Name                            ; state_reg.WaitNextFrame ; state_reg.CollusionDetected ; state_reg.DetectCollusion ; state_reg.EndAddObject ; state_reg.BeginAddObject ; state_reg.AddMatrix ; state_reg.WaitNextFrameNew ; state_reg.RemoveFullLine ; state_reg.DectectRemoveFullLine ; state_reg.idle ; state_reg.GameOverFin ; state_reg.idleClear ; state_reg.StartGameDebut ;
+---------------------------------+-------------------------+-----------------------------+---------------------------+------------------------+--------------------------+---------------------+----------------------------+--------------------------+---------------------------------+----------------+-----------------------+---------------------+--------------------------+
; state_reg.StartGameDebut        ; 0                       ; 0                           ; 0                         ; 0                      ; 0                        ; 0                   ; 0                          ; 0                        ; 0                               ; 0              ; 0                     ; 0                   ; 0                        ;
; state_reg.idleClear             ; 0                       ; 0                           ; 0                         ; 0                      ; 0                        ; 0                   ; 0                          ; 0                        ; 0                               ; 0              ; 0                     ; 1                   ; 1                        ;
; state_reg.GameOverFin           ; 0                       ; 0                           ; 0                         ; 0                      ; 0                        ; 0                   ; 0                          ; 0                        ; 0                               ; 0              ; 1                     ; 0                   ; 1                        ;
; state_reg.idle                  ; 0                       ; 0                           ; 0                         ; 0                      ; 0                        ; 0                   ; 0                          ; 0                        ; 0                               ; 1              ; 0                     ; 0                   ; 1                        ;
; state_reg.DectectRemoveFullLine ; 0                       ; 0                           ; 0                         ; 0                      ; 0                        ; 0                   ; 0                          ; 0                        ; 1                               ; 0              ; 0                     ; 0                   ; 1                        ;
; state_reg.RemoveFullLine        ; 0                       ; 0                           ; 0                         ; 0                      ; 0                        ; 0                   ; 0                          ; 1                        ; 0                               ; 0              ; 0                     ; 0                   ; 1                        ;
; state_reg.WaitNextFrameNew      ; 0                       ; 0                           ; 0                         ; 0                      ; 0                        ; 0                   ; 1                          ; 0                        ; 0                               ; 0              ; 0                     ; 0                   ; 1                        ;
; state_reg.AddMatrix             ; 0                       ; 0                           ; 0                         ; 0                      ; 0                        ; 1                   ; 0                          ; 0                        ; 0                               ; 0              ; 0                     ; 0                   ; 1                        ;
; state_reg.BeginAddObject        ; 0                       ; 0                           ; 0                         ; 0                      ; 1                        ; 0                   ; 0                          ; 0                        ; 0                               ; 0              ; 0                     ; 0                   ; 1                        ;
; state_reg.EndAddObject          ; 0                       ; 0                           ; 0                         ; 1                      ; 0                        ; 0                   ; 0                          ; 0                        ; 0                               ; 0              ; 0                     ; 0                   ; 1                        ;
; state_reg.DetectCollusion       ; 0                       ; 0                           ; 1                         ; 0                      ; 0                        ; 0                   ; 0                          ; 0                        ; 0                               ; 0              ; 0                     ; 0                   ; 1                        ;
; state_reg.CollusionDetected     ; 0                       ; 1                           ; 0                         ; 0                      ; 0                        ; 0                   ; 0                          ; 0                        ; 0                               ; 0              ; 0                     ; 0                   ; 1                        ;
; state_reg.WaitNextFrame         ; 1                       ; 0                           ; 0                         ; 0                      ; 0                        ; 0                   ; 0                          ; 0                        ; 0                               ; 0              ; 0                     ; 0                   ; 1                        ;
+---------------------------------+-------------------------+-----------------------------+---------------------------+------------------------+--------------------------+---------------------+----------------------------+--------------------------+---------------------------------+----------------+-----------------------+---------------------+--------------------------+


Encoding Type:  One-Hot
+---------------------------------------------------------------------------------------------------------------------------------------------------------------------------------------------------------------------------------+
; State Machine - |mainController|keyPS2controller:u_keyPS2controller|state_reg                                                                                                                                                   ;
+--------------------+------------------+--------------------+---------------+---------------+---------------+---------------+---------------+---------------+---------------+---------------+-------------------+----------------+
; Name               ; state_reg.b_stop ; state_reg.b_parity ; state_reg.b_7 ; state_reg.b_6 ; state_reg.b_5 ; state_reg.b_4 ; state_reg.b_3 ; state_reg.b_2 ; state_reg.b_1 ; state_reg.b_0 ; state_reg.b_start ; state_reg.idle ;
+--------------------+------------------+--------------------+---------------+---------------+---------------+---------------+---------------+---------------+---------------+---------------+-------------------+----------------+
; state_reg.idle     ; 0                ; 0                  ; 0             ; 0             ; 0             ; 0             ; 0             ; 0             ; 0             ; 0             ; 0                 ; 0              ;
; state_reg.b_start  ; 0                ; 0                  ; 0             ; 0             ; 0             ; 0             ; 0             ; 0             ; 0             ; 0             ; 1                 ; 1              ;
; state_reg.b_0      ; 0                ; 0                  ; 0             ; 0             ; 0             ; 0             ; 0             ; 0             ; 0             ; 1             ; 0                 ; 1              ;
; state_reg.b_1      ; 0                ; 0                  ; 0             ; 0             ; 0             ; 0             ; 0             ; 0             ; 1             ; 0             ; 0                 ; 1              ;
; state_reg.b_2      ; 0                ; 0                  ; 0             ; 0             ; 0             ; 0             ; 0             ; 1             ; 0             ; 0             ; 0                 ; 1              ;
; state_reg.b_3      ; 0                ; 0                  ; 0             ; 0             ; 0             ; 0             ; 1             ; 0             ; 0             ; 0             ; 0                 ; 1              ;
; state_reg.b_4      ; 0                ; 0                  ; 0             ; 0             ; 0             ; 1             ; 0             ; 0             ; 0             ; 0             ; 0                 ; 1              ;
; state_reg.b_5      ; 0                ; 0                  ; 0             ; 0             ; 1             ; 0             ; 0             ; 0             ; 0             ; 0             ; 0                 ; 1              ;
; state_reg.b_6      ; 0                ; 0                  ; 0             ; 1             ; 0             ; 0             ; 0             ; 0             ; 0             ; 0             ; 0                 ; 1              ;
; state_reg.b_7      ; 0                ; 0                  ; 1             ; 0             ; 0             ; 0             ; 0             ; 0             ; 0             ; 0             ; 0                 ; 1              ;
; state_reg.b_parity ; 0                ; 1                  ; 0             ; 0             ; 0             ; 0             ; 0             ; 0             ; 0             ; 0             ; 0                 ; 1              ;
; state_reg.b_stop   ; 1                ; 0                  ; 0             ; 0             ; 0             ; 0             ; 0             ; 0             ; 0             ; 0             ; 0                 ; 1              ;
+--------------------+------------------+--------------------+---------------+---------------+---------------+---------------+---------------+---------------+---------------+---------------+-------------------+----------------+


Encoding Type:  One-Hot
+-----------------------------------------------------------------------------------+
; State Machine - |mainController|binaryToDeccimal:u_binaryToDeccimal_level|state_q ;
+--------------+--------------+------------+----------------------------------------+
; Name         ; state_q.done ; state_q.op ; state_q.idle                           ;
+--------------+--------------+------------+----------------------------------------+
; state_q.idle ; 0            ; 0          ; 0                                      ;
; state_q.op   ; 0            ; 1          ; 1                                      ;
; state_q.done ; 1            ; 0          ; 1                                      ;
+--------------+--------------+------------+----------------------------------------+


Encoding Type:  One-Hot
+-----------------------------------------------------------------------------------+
; State Machine - |mainController|binaryToDeccimal:u_binaryToDeccimal_score|state_q ;
+--------------+--------------+------------+----------------------------------------+
; Name         ; state_q.done ; state_q.op ; state_q.idle                           ;
+--------------+--------------+------------+----------------------------------------+
; state_q.idle ; 0            ; 0          ; 0                                      ;
; state_q.op   ; 0            ; 1          ; 1                                      ;
; state_q.done ; 1            ; 0          ; 1                                      ;
+--------------+--------------+------------+----------------------------------------+


+---------------------------------------------------------------------------------------------------------------------------------+
; Registers Removed During Synthesis                                                                                              ;
+----------------------------------------------------------+----------------------------------------------------------------------+
; Register name                                            ; Reason for Removal                                                   ;
+----------------------------------------------------------+----------------------------------------------------------------------+
; valid_screen                                             ; Stuck at VCC due to stuck port data_in                               ;
; binaryToDeccimal:u_binaryToDeccimal_score|state_q.op     ; Merged with binaryToDeccimal:u_binaryToDeccimal_level|state_q.op     ;
; binaryToDeccimal:u_binaryToDeccimal_score|state_q.idle   ; Merged with binaryToDeccimal:u_binaryToDeccimal_level|state_q.idle   ;
; binaryToDeccimal:u_binaryToDeccimal_score|state_q.done   ; Merged with binaryToDeccimal:u_binaryToDeccimal_level|state_q.done   ;
; binaryToDeccimal:u_binaryToDeccimal_score|iteration_q[0] ; Merged with binaryToDeccimal:u_binaryToDeccimal_level|iteration_q[0] ;
; binaryToDeccimal:u_binaryToDeccimal_score|iteration_q[1] ; Merged with binaryToDeccimal:u_binaryToDeccimal_level|iteration_q[1] ;
; binaryToDeccimal:u_binaryToDeccimal_score|iteration_q[2] ; Merged with binaryToDeccimal:u_binaryToDeccimal_level|iteration_q[2] ;
; binaryToDeccimal:u_binaryToDeccimal_score|iteration_q[3] ; Merged with binaryToDeccimal:u_binaryToDeccimal_level|iteration_q[3] ;
; Total Number of Removed Registers = 8                    ;                                                                      ;
+----------------------------------------------------------+----------------------------------------------------------------------+


+------------------------------------------------------+
; General Register Statistics                          ;
+----------------------------------------------+-------+
; Statistic                                    ; Value ;
+----------------------------------------------+-------+
; Total registers                              ; 1261  ;
; Number of registers using Synchronous Clear  ; 488   ;
; Number of registers using Synchronous Load   ; 513   ;
; Number of registers using Asynchronous Clear ; 1225  ;
; Number of registers using Asynchronous Load  ; 0     ;
; Number of registers using Clock Enable       ; 635   ;
; Number of registers using Preset             ; 0     ;
+----------------------------------------------+-------+


+---------------------------------------------------+
; Inverted Register Statistics                      ;
+-----------------------------------------+---------+
; Inverted Register                       ; Fan out ;
+-----------------------------------------+---------+
; matrix_reg[30][8]                       ; 3       ;
; matrix_reg[30][9]                       ; 3       ;
; matrix_reg[30][4]                       ; 3       ;
; matrix_reg[30][5]                       ; 3       ;
; matrix_reg[30][0]                       ; 3       ;
; matrix_reg[30][1]                       ; 3       ;
; matrix_reg[30][12]                      ; 3       ;
; matrix_reg[30][13]                      ; 3       ;
; matrix_reg[30][10]                      ; 3       ;
; matrix_reg[30][11]                      ; 3       ;
; matrix_reg[30][6]                       ; 3       ;
; matrix_reg[30][7]                       ; 3       ;
; matrix_reg[30][2]                       ; 3       ;
; matrix_reg[30][3]                       ; 3       ;
; matrix_reg[30][14]                      ; 3       ;
; matrix_reg[30][15]                      ; 3       ;
; position_y_reg[2]                       ; 6       ;
; Total number of inverted registers = 17 ;         ;
+-----------------------------------------+---------+


+---------------------------------------------------------------------------------------------------------------------------------------------------------------------------------------+
; Multiplexer Restructuring Statistics (Restructuring Performed)                                                                                                                        ;
+--------------------+-----------+---------------+----------------------+------------------------+------------+-------------------------------------------------------------------------+
; Multiplexer Inputs ; Bus Width ; Baseline Area ; Area if Restructured ; Saving if Restructured ; Registered ; Example Multiplexer Output                                              ;
+--------------------+-----------+---------------+----------------------+------------------------+------------+-------------------------------------------------------------------------+
; 3:1                ; 2 bits    ; 4 LEs         ; 2 LEs                ; 2 LEs                  ; Yes        ; |mainController|collisionR_reg                                          ;
; 3:1                ; 3 bits    ; 6 LEs         ; 0 LEs                ; 6 LEs                  ; Yes        ; |mainController|randum_sel_next[1]                                      ;
; 3:1                ; 8 bits    ; 16 LEs        ; 8 LEs                ; 8 LEs                  ; Yes        ; |mainController|count_score_reg[4]                                      ;
; 3:1                ; 32 bits   ; 64 LEs        ; 32 LEs               ; 32 LEs                 ; Yes        ; |mainController|matrix_reg[0][10]                                       ;
; 3:1                ; 3 bits    ; 6 LEs         ; 3 LEs                ; 3 LEs                  ; Yes        ; |mainController|obj_move_right                                          ;
; 3:1                ; 16 bits   ; 32 LEs        ; 16 LEs               ; 16 LEs                 ; Yes        ; |mainController|keyPS2controller:u_keyPS2controller|data_save_reg[2]    ;
; 3:1                ; 4 bits    ; 8 LEs         ; 4 LEs                ; 4 LEs                  ; Yes        ; |mainController|position_x_reg[0]                                       ;
; 3:1                ; 3 bits    ; 6 LEs         ; 3 LEs                ; 3 LEs                  ; Yes        ; |mainController|object_reg[0][0]                                        ;
; 4:1                ; 2 bits    ; 4 LEs         ; 2 LEs                ; 2 LEs                  ; Yes        ; |mainController|position_y_reg[3]                                       ;
; 5:1                ; 16 bits   ; 48 LEs        ; 32 LEs               ; 16 LEs                 ; Yes        ; |mainController|matrix_reg[29][1]                                       ;
; 5:1                ; 16 bits   ; 48 LEs        ; 32 LEs               ; 16 LEs                 ; Yes        ; |mainController|matrix_reg[28][2]                                       ;
; 5:1                ; 16 bits   ; 48 LEs        ; 32 LEs               ; 16 LEs                 ; Yes        ; |mainController|matrix_reg[27][1]                                       ;
; 5:1                ; 16 bits   ; 48 LEs        ; 32 LEs               ; 16 LEs                 ; Yes        ; |mainController|matrix_reg[26][9]                                       ;
; 5:1                ; 16 bits   ; 48 LEs        ; 32 LEs               ; 16 LEs                 ; Yes        ; |mainController|matrix_reg[25][3]                                       ;
; 5:1                ; 16 bits   ; 48 LEs        ; 32 LEs               ; 16 LEs                 ; Yes        ; |mainController|matrix_reg[24][10]                                      ;
; 5:1                ; 16 bits   ; 48 LEs        ; 32 LEs               ; 16 LEs                 ; Yes        ; |mainController|matrix_reg[23][0]                                       ;
; 5:1                ; 16 bits   ; 48 LEs        ; 32 LEs               ; 16 LEs                 ; Yes        ; |mainController|matrix_reg[22][1]                                       ;
; 5:1                ; 16 bits   ; 48 LEs        ; 32 LEs               ; 16 LEs                 ; Yes        ; |mainController|matrix_reg[21][5]                                       ;
; 5:1                ; 16 bits   ; 48 LEs        ; 32 LEs               ; 16 LEs                 ; Yes        ; |mainController|matrix_reg[20][9]                                       ;
; 5:1                ; 16 bits   ; 48 LEs        ; 32 LEs               ; 16 LEs                 ; Yes        ; |mainController|matrix_reg[19][6]                                       ;
; 5:1                ; 16 bits   ; 48 LEs        ; 32 LEs               ; 16 LEs                 ; Yes        ; |mainController|matrix_reg[18][8]                                       ;
; 5:1                ; 16 bits   ; 48 LEs        ; 32 LEs               ; 16 LEs                 ; Yes        ; |mainController|matrix_reg[17][0]                                       ;
; 5:1                ; 16 bits   ; 48 LEs        ; 32 LEs               ; 16 LEs                 ; Yes        ; |mainController|matrix_reg[16][1]                                       ;
; 5:1                ; 16 bits   ; 48 LEs        ; 32 LEs               ; 16 LEs                 ; Yes        ; |mainController|matrix_reg[15][5]                                       ;
; 5:1                ; 16 bits   ; 48 LEs        ; 32 LEs               ; 16 LEs                 ; Yes        ; |mainController|matrix_reg[14][0]                                       ;
; 5:1                ; 16 bits   ; 48 LEs        ; 32 LEs               ; 16 LEs                 ; Yes        ; |mainController|matrix_reg[13][13]                                      ;
; 5:1                ; 16 bits   ; 48 LEs        ; 32 LEs               ; 16 LEs                 ; Yes        ; |mainController|matrix_reg[12][7]                                       ;
; 5:1                ; 16 bits   ; 48 LEs        ; 32 LEs               ; 16 LEs                 ; Yes        ; |mainController|matrix_reg[11][0]                                       ;
; 5:1                ; 16 bits   ; 48 LEs        ; 32 LEs               ; 16 LEs                 ; Yes        ; |mainController|matrix_reg[10][1]                                       ;
; 5:1                ; 16 bits   ; 48 LEs        ; 32 LEs               ; 16 LEs                 ; Yes        ; |mainController|matrix_reg[9][9]                                        ;
; 5:1                ; 16 bits   ; 48 LEs        ; 32 LEs               ; 16 LEs                 ; Yes        ; |mainController|matrix_reg[8][2]                                        ;
; 5:1                ; 16 bits   ; 48 LEs        ; 32 LEs               ; 16 LEs                 ; Yes        ; |mainController|matrix_reg[7][7]                                        ;
; 5:1                ; 16 bits   ; 48 LEs        ; 32 LEs               ; 16 LEs                 ; Yes        ; |mainController|matrix_reg[6][15]                                       ;
; 5:1                ; 16 bits   ; 48 LEs        ; 32 LEs               ; 16 LEs                 ; Yes        ; |mainController|matrix_reg[5][1]                                        ;
; 5:1                ; 16 bits   ; 48 LEs        ; 32 LEs               ; 16 LEs                 ; Yes        ; |mainController|matrix_reg[4][15]                                       ;
; 5:1                ; 16 bits   ; 48 LEs        ; 32 LEs               ; 16 LEs                 ; Yes        ; |mainController|matrix_reg[3][1]                                        ;
; 5:1                ; 16 bits   ; 48 LEs        ; 32 LEs               ; 16 LEs                 ; Yes        ; |mainController|matrix_reg[2][7]                                        ;
; 5:1                ; 16 bits   ; 48 LEs        ; 32 LEs               ; 16 LEs                 ; Yes        ; |mainController|matrix_reg[1][1]                                        ;
; 4:1                ; 9 bits    ; 18 LEs        ; 9 LEs                ; 9 LEs                  ; Yes        ; |mainController|binaryToDeccimal:u_binaryToDeccimal_level|p2s_q[12]     ;
; 4:1                ; 4 bits    ; 8 LEs         ; 4 LEs                ; 4 LEs                  ; Yes        ; |mainController|binaryToDeccimal:u_binaryToDeccimal_level|p2s_q[3]      ;
; 4:1                ; 6 bits    ; 12 LEs        ; 6 LEs                ; 6 LEs                  ; Yes        ; |mainController|binaryToDeccimal:u_binaryToDeccimal_score|p2s_q[11]     ;
; 4:1                ; 7 bits    ; 14 LEs        ; 7 LEs                ; 7 LEs                  ; Yes        ; |mainController|binaryToDeccimal:u_binaryToDeccimal_score|p2s_q[3]      ;
; 5:1                ; 4 bits    ; 12 LEs        ; 8 LEs                ; 4 LEs                  ; Yes        ; |mainController|binaryToDeccimal:u_binaryToDeccimal_level|decimal0_q[1] ;
; 5:1                ; 3 bits    ; 9 LEs         ; 6 LEs                ; 3 LEs                  ; Yes        ; |mainController|binaryToDeccimal:u_binaryToDeccimal_level|decimal1_q[2] ;
; 5:1                ; 4 bits    ; 12 LEs        ; 8 LEs                ; 4 LEs                  ; Yes        ; |mainController|binaryToDeccimal:u_binaryToDeccimal_score|decimal0_q[2] ;
; 5:1                ; 3 bits    ; 9 LEs         ; 6 LEs                ; 3 LEs                  ; Yes        ; |mainController|binaryToDeccimal:u_binaryToDeccimal_score|decimal1_q[2] ;
; 3:1                ; 16 bits   ; 32 LEs        ; 16 LEs               ; 16 LEs                 ; Yes        ; |mainController|matrix_reg[30][15]                                      ;
; 3:1                ; 5 bits    ; 10 LEs        ; 5 LEs                ; 5 LEs                  ; Yes        ; |mainController|line_reg[1]                                             ;
; 3:1                ; 5 bits    ; 10 LEs        ; 5 LEs                ; 5 LEs                  ; Yes        ; |mainController|object_reg[0][2]                                        ;
; 4:1                ; 2 bits    ; 4 LEs         ; 2 LEs                ; 2 LEs                  ; Yes        ; |mainController|position_y_reg[2]                                       ;
; 4:1                ; 4 bits    ; 8 LEs         ; 4 LEs                ; 4 LEs                  ; Yes        ; |mainController|coln_reg[2]                                             ;
; 8:1                ; 2 bits    ; 10 LEs        ; 10 LEs               ; 0 LEs                  ; No         ; |mainController|pixel_txt                                               ;
; 4:1                ; 2 bits    ; 4 LEs         ; 4 LEs                ; 0 LEs                  ; No         ; |mainController|rom_addr[9]                                             ;
; 4:1                ; 4 bits    ; 8 LEs         ; 8 LEs                ; 0 LEs                  ; No         ; |mainController|binaryToDeccimal:u_binaryToDeccimal_level|Selector12    ;
; 4:1                ; 4 bits    ; 8 LEs         ; 8 LEs                ; 0 LEs                  ; No         ; |mainController|binaryToDeccimal:u_binaryToDeccimal_score|Selector13    ;
; 16:1               ; 2 bits    ; 20 LEs        ; 20 LEs               ; 0 LEs                  ; No         ; |mainController|Mux81                                                   ;
; 11:1               ; 2 bits    ; 14 LEs        ; 6 LEs                ; 8 LEs                  ; No         ; |mainController|Selector3                                               ;
; 34:1               ; 4 bits    ; 88 LEs        ; 48 LEs               ; 40 LEs                 ; No         ; |mainController|rom_addr[5]                                             ;
; 11:1               ; 2 bits    ; 14 LEs        ; 4 LEs                ; 10 LEs                 ; No         ; |mainController|Selector11                                              ;
+--------------------+-----------+---------------+----------------------+------------------------+------------+-------------------------------------------------------------------------+


+-----------------------------------------------------+
; Port Connectivity Checks: "font_rom:u_font_rom_key" ;
+---------+-------+----------+------------------------+
; Port    ; Type  ; Severity ; Details                ;
+---------+-------+----------+------------------------+
; addr[9] ; Input ; Info     ; Stuck at GND           ;
+---------+-------+----------+------------------------+


+-----------------------------------------------------------------------+
; Port Connectivity Checks: "binaryToDeccimal:u_binaryToDeccimal_level" ;
+---------------+-------+----------+------------------------------------+
; Port          ; Type  ; Severity ; Details                            ;
+---------------+-------+----------+------------------------------------+
; binary[12..5] ; Input ; Info     ; Stuck at GND                       ;
+---------------+-------+----------+------------------------------------+


+-----------------------------------------------------------------------+
; Port Connectivity Checks: "binaryToDeccimal:u_binaryToDeccimal_score" ;
+---------------+-------+----------+------------------------------------+
; Port          ; Type  ; Severity ; Details                            ;
+---------------+-------+----------+------------------------------------+
; binary[12..8] ; Input ; Info     ; Stuck at GND                       ;
+---------------+-------+----------+------------------------------------+


+-------------------------------+
; Elapsed Time Per Partition    ;
+----------------+--------------+
; Partition Name ; Elapsed Time ;
+----------------+--------------+
; Top            ; 00:00:55     ;
+----------------+--------------+


+-------------------------------+
; Analysis & Synthesis Messages ;
+-------------------------------+
Info: *******************************************************************
Info: Running Quartus II 32-bit Analysis & Synthesis
    Info: Version 12.1 Build 177 11/07/2012 SJ Web Edition
    Info: Processing started: Sat Nov 16 09:23:20 2019
Info: Command: quartus_map --read_settings_files=on --write_settings_files=off keyboarToVGA -c keyboarToVGA
Info (20030): Parallel compilation is enabled and will use 8 of the 8 processors detected
Info (12021): Found 2 design units, including 1 entities, in source file bintodeccimal.vhd
    Info (12022): Found design unit 1: binaryToDeccimal-RTL
    Info (12023): Found entity 1: binaryToDeccimal
Info (12021): Found 2 design units, including 1 entities, in source file counter.vhdl
    Info (12022): Found design unit 1: counter-RTL
    Info (12023): Found entity 1: counter
Info (12021): Found 2 design units, including 1 entities, in source file ctr.vhd
    Info (12022): Found design unit 1: ctr-RTL
    Info (12023): Found entity 1: ctr
Info (12021): Found 2 design units, including 1 entities, in source file font_rom.vhd
    Info (12022): Found design unit 1: font_rom-arch
    Info (12023): Found entity 1: font_rom
Info (12021): Found 2 design units, including 1 entities, in source file keyps2controller.vhd
    Info (12022): Found design unit 1: keyPS2controller-RTL
    Info (12023): Found entity 1: keyPS2controller
Info (12021): Found 2 design units, including 1 entities, in source file maincontroller.vhd
    Info (12022): Found design unit 1: mainController-RTL
    Info (12023): Found entity 1: mainController
Info (12021): Found 2 design units, including 1 entities, in source file ram_dual.vhdl
    Info (12022): Found design unit 1: ram_dual-RAM_dual_arch
    Info (12023): Found entity 1: ram_dual
Info (12021): Found 2 design units, including 1 entities, in source file vga_sync.vhd
    Info (12022): Found design unit 1: vga_controller-Behavioral
    Info (12023): Found entity 1: vga_controller
Info (12021): Found 2 design units, including 1 entities, in source file vgaclock.vhd
    Info (12022): Found design unit 1: vgaclock-SYN
    Info (12023): Found entity 1: vgaclock
Info (12127): Elaborating entity "mainController" for the top level hierarchy
Warning (10492): VHDL Process Statement warning at mainController.vhd(556): signal "position_x_reg" is read inside the Process Statement but isn't in the Process Statement's sensitivity list
Warning (10492): VHDL Process Statement warning at mainController.vhd(576): signal "position_y_reg" is read inside the Process Statement but isn't in the Process Statement's sensitivity list
Warning (10492): VHDL Process Statement warning at mainController.vhd(592): signal "matrix_display_reg" is read inside the Process Statement but isn't in the Process Statement's sensitivity list
Warning (10492): VHDL Process Statement warning at mainController.vhd(600): signal "matrix_START" is read inside the Process Statement but isn't in the Process Statement's sensitivity list
Warning (10492): VHDL Process Statement warning at mainController.vhd(602): signal "matrix_GAME_OVER" is read inside the Process Statement but isn't in the Process Statement's sensitivity list
Warning (10492): VHDL Process Statement warning at mainController.vhd(643): signal "fsm_DetectCollusion_ack" is read inside the Process Statement but isn't in the Process Statement's sensitivity list
Warning (10492): VHDL Process Statement warning at mainController.vhd(685): signal "object_randum" is read inside the Process Statement but isn't in the Process Statement's sensitivity list
Warning (10492): VHDL Process Statement warning at mainController.vhd(804): signal "kb_data_ready" is read inside the Process Statement but isn't in the Process Statement's sensitivity list
Warning (10492): VHDL Process Statement warning at mainController.vhd(848): signal "kb_data_ready" is read inside the Process Statement but isn't in the Process Statement's sensitivity list
Warning (10873): Using initial value X (don't care) for net "matrix_START[31]" at mainController.vhd(116)
Warning (10873): Using initial value X (don't care) for net "score_coded[13][6..0]" at mainController.vhd(186)
Warning (10873): Using initial value X (don't care) for net "level_coded[13][6..0]" at mainController.vhd(186)
Info (12128): Elaborating entity "binaryToDeccimal" for hierarchy "binaryToDeccimal:u_binaryToDeccimal_score"
Info (12128): Elaborating entity "font_rom" for hierarchy "font_rom:u_font_rom_key"
Info (12128): Elaborating entity "keyPS2controller" for hierarchy "keyPS2controller:u_keyPS2controller"
Info (12128): Elaborating entity "vga_controller" for hierarchy "vga_controller:u_vga_sync"
Info (13000): Registers with preset signals will power-up high
Info (13003): DEV_CLRn pin will set, and not reset, register with preset signal due to NOT Gate Push-Back
Warning (13004): Presettable and clearable registers converted to equivalent circuits with latches. Registers power-up to an undefined state, and DEVCLRn places the registers in an undefined state.
    Warning (13310): Register "coln_reg[0]" is converted into an equivalent circuit using register "coln_reg[0]~_emulated" and latch "coln_reg[0]~latch"
    Warning (13310): Register "line_reg[3]" is converted into an equivalent circuit using register "line_reg[3]~_emulated" and latch "line_reg[3]~latch"
    Warning (13310): Register "line_reg[2]" is converted into an equivalent circuit using register "line_reg[2]~_emulated" and latch "line_reg[2]~latch"
    Warning (13310): Register "coln_reg[3]" is converted into an equivalent circuit using register "coln_reg[3]~_emulated" and latch "coln_reg[3]~latch"
    Warning (13310): Register "coln_reg[2]" is converted into an equivalent circuit using register "coln_reg[2]~_emulated" and latch "coln_reg[2]~latch"
    Warning (13310): Register "line_reg[4]" is converted into an equivalent circuit using register "line_reg[4]~_emulated" and latch "line_reg[4]~latch"
    Warning (13310): Register "coln_reg[1]" is converted into an equivalent circuit using register "coln_reg[1]~_emulated" and latch "coln_reg[1]~latch"
    Warning (13310): Register "line_reg[1]" is converted into an equivalent circuit using register "line_reg[1]~_emulated" and latch "line_reg[1]~latch"
    Warning (13310): Register "line_reg[0]" is converted into an equivalent circuit using register "line_reg[0]~_emulated" and latch "line_reg[0]~latch"
    Warning (13310): Register "object_reg[0][2]" is converted into an equivalent circuit using register "object_reg[0][2]~_emulated" and latch "object_reg[0][2]~latch"
    Warning (13310): Register "object_reg[2][1]" is converted into an equivalent circuit using register "object_reg[2][1]~_emulated" and latch "object_reg[2][1]~latch"
    Warning (13310): Register "object_reg[2][2]" is converted into an equivalent circuit using register "object_reg[2][2]~_emulated" and latch "object_reg[2][2]~latch"
    Warning (13310): Register "object_reg[0][1]" is converted into an equivalent circuit using register "object_reg[0][1]~_emulated" and latch "object_reg[0][1]~latch"
    Warning (13310): Register "object_reg[1][1]" is converted into an equivalent circuit using register "object_reg[1][1]~_emulated" and latch "object_reg[1][1]~latch"
    Warning (13310): Register "object_reg[1][2]" is converted into an equivalent circuit using register "object_reg[1][2]~_emulated" and latch "object_reg[1][2]~latch"
Warning (13024): Output pins are stuck at VCC or GND
    Warning (13410): Pin "csync_out" is stuck at GND
Critical Warning (18061): Ignored Power-Up Level option on the following registers
    Critical Warning (18010): Register position_y_reg[1] will power up to Low
    Critical Warning (18010): Register position_x_reg[2] will power up to Low
    Critical Warning (18010): Register position_y_reg[2] will power up to High
Warning (20013): Ignored assignments for entity "keyboarToVGA" -- entity does not exist in design
    Warning (20014): Assignment for entity set_global_assignment -name LL_ROOT_REGION ON -entity keyboarToVGA -section_id "Root Region" was ignored
    Warning (20014): Assignment for entity set_global_assignment -name LL_MEMBER_STATE LOCKED -entity keyboarToVGA -section_id "Root Region" was ignored
Info (16010): Generating hard_block partition "hard_block:auto_generated_inst"
    Info (16011): Adding 0 node(s), including 0 DDIO, 0 PLL, 0 transceiver and 0 LCELL
Info (21057): Implemented 5392 device resources after synthesis - the final resource count might be different
    Info (21058): Implemented 4 input pins
    Info (21059): Implemented 35 output pins
    Info (21061): Implemented 5353 logic cells
Info: Quartus II 32-bit Analysis & Synthesis was successful. 0 errors, 37 warnings
    Info: Peak virtual memory: 397 megabytes
    Info: Processing ended: Sat Nov 16 09:24:19 2019
    Info: Elapsed time: 00:00:59
    Info: Total CPU time (on all processors): 00:00:58


